Файлы в директории C:\FNC\ , размер которых превышает 15 байт: 

g459e8ynvtg97834tgyv
g459e8ynvtg97834tgyv (1)
g459e8ynvtg97834tgyv (1).txt
g459e8ynvtg97834tgyv (10).txt
g459e8ynvtg97834tgyv (11).txt
g459e8ynvtg97834tgyv (12).txt
g459e8ynvtg97834tgyv (13).txt
g459e8ynvtg97834tgyv (14).txt
g459e8ynvtg97834tgyv (15).txt
g459e8ynvtg97834tgyv (16).txt
g459e8ynvtg97834tgyv (17).txt
g459e8ynvtg97834tgyv (18).txt
g459e8ynvtg97834tgyv (2).txt
g459e8ynvtg97834tgyv (3).txt
g459e8ynvtg97834tgyv (4).txt
g459e8ynvtg97834tgyv (5).txt
g459e8ynvtg97834tgyv (6).txt
g459e8ynvtg97834tgyv (7).txt
g459e8ynvtg97834tgyv (8).txt
g459e8ynvtg97834tgyv.txt
